0 info it worked if it ends with ok
1 verbose cli [ '/Users/alexandre/.nvm/versions/node/v5.6.0/bin/node',
1 verbose cli   '/Users/alexandre/.nvm/versions/node/v5.6.0/bin/npm',
1 verbose cli   'start' ]
2 info using npm@3.6.0
3 info using node@v5.6.0
4 verbose run-script [ 'prestart', 'start', 'poststart' ]
5 info lifecycle batgame-server@1.0.0~prestart: batgame-server@1.0.0
6 silly lifecycle batgame-server@1.0.0~prestart: no script for prestart, continuing
7 info lifecycle batgame-server@1.0.0~start: batgame-server@1.0.0
8 verbose lifecycle batgame-server@1.0.0~start: unsafe-perm in lifecycle true
9 verbose lifecycle batgame-server@1.0.0~start: PATH: /Users/alexandre/.nvm/versions/node/v5.6.0/lib/node_modules/npm/bin/node-gyp-bin:/Users/alexandre/dev/Batgame2-server/node_modules/.bin:/Users/alexandre/.pyenv/shims:/Library/Frameworks/Python.framework/Versions/3.5/bin:/Users/alexandre/.opam/system/bin:/usr/local/heroku/bin:/Users/alexandre/.nvm/versions/node/v5.6.0/bin:/usr/local/sbin:~/bin:/usr/local/opt/android-sdk/tools:/usr/local/opt/android-sdk/platform-tools:/Users/alexandre/Downloads/emsdk_portable:/Users/alexandre/Downloads/emsdk_portable/clang/e1.30.0_64bit:/Users/alexandre/Downloads/emsdk_portable/node/0.12.2_64bit/bin:/Users/alexandre/Downloads/emsdk_portable/emscripten/1.30.0:/Users/alexandre/Library/Haskell/bin:/usr/local/bin:/usr/bin:/bin:/usr/sbin:/sbin:/opt/X11/bin:/Library/TeX/texbin
10 verbose lifecycle batgame-server@1.0.0~start: CWD: /Users/alexandre/dev/Batgame2-server
11 silly lifecycle batgame-server@1.0.0~start: Args: [ '-c', 'babel-node index.js' ]
12 silly lifecycle batgame-server@1.0.0~start: Returned: code: 1  signal: null
13 info lifecycle batgame-server@1.0.0~start: Failed to exec start script
14 verbose stack Error: batgame-server@1.0.0 start: `babel-node index.js`
14 verbose stack Exit status 1
14 verbose stack     at EventEmitter.<anonymous> (/Users/alexandre/.nvm/versions/node/v5.6.0/lib/node_modules/npm/lib/utils/lifecycle.js:232:16)
14 verbose stack     at emitTwo (events.js:100:13)
14 verbose stack     at EventEmitter.emit (events.js:185:7)
14 verbose stack     at ChildProcess.<anonymous> (/Users/alexandre/.nvm/versions/node/v5.6.0/lib/node_modules/npm/lib/utils/spawn.js:24:14)
14 verbose stack     at emitTwo (events.js:100:13)
14 verbose stack     at ChildProcess.emit (events.js:185:7)
14 verbose stack     at maybeClose (internal/child_process.js:827:16)
14 verbose stack     at Process.ChildProcess._handle.onexit (internal/child_process.js:211:5)
15 verbose pkgid batgame-server@1.0.0
16 verbose cwd /Users/alexandre/dev/Batgame2-server
17 error Darwin 15.6.0
18 error argv "/Users/alexandre/.nvm/versions/node/v5.6.0/bin/node" "/Users/alexandre/.nvm/versions/node/v5.6.0/bin/npm" "start"
19 error node v5.6.0
20 error npm  v3.6.0
21 error code ELIFECYCLE
22 error batgame-server@1.0.0 start: `babel-node index.js`
22 error Exit status 1
23 error Failed at the batgame-server@1.0.0 start script 'babel-node index.js'.
23 error Make sure you have the latest version of node.js and npm installed.
23 error If you do, this is most likely a problem with the batgame-server package,
23 error not with npm itself.
23 error Tell the author that this fails on your system:
23 error     babel-node index.js
23 error You can get information on how to open an issue for this project with:
23 error     npm bugs batgame-server
23 error Or if that isn't available, you can get their info via:
23 error     npm owner ls batgame-server
23 error There is likely additional logging output above.
24 verbose exit [ 1, true ]
